0 info it worked if it ends with ok
1 verbose cli [ 'node',
1 verbose cli   '/home/37318942204/.nvm/versions/node/v0.12.2/bin/npm',
1 verbose cli   'install',
1 verbose cli   'Chart.js',
1 verbose cli   '--save-dev' ]
2 info using npm@2.11.1
3 info using node@v0.12.2
4 verbose install initial load of /home/37318942204/git/tsm-monitor/package.json
5 verbose installManyTop reading scoped package data from /home/37318942204/git/tsm-monitor/node_modules/angular/package.json
6 verbose installManyTop reading scoped package data from /home/37318942204/git/tsm-monitor/node_modules/angular-chart.js/package.json
7 verbose installManyTop reading scoped package data from /home/37318942204/git/tsm-monitor/node_modules/angular-resource/package.json
8 verbose installManyTop reading scoped package data from /home/37318942204/git/tsm-monitor/node_modules/angular-route/package.json
9 verbose installManyTop reading scoped package data from /home/37318942204/git/tsm-monitor/node_modules/connect-livereload/package.json
10 verbose installManyTop reading scoped package data from /home/37318942204/git/tsm-monitor/node_modules/grunt/package.json
11 verbose installManyTop reading scoped package data from /home/37318942204/git/tsm-monitor/node_modules/grunt-cli/package.json
12 verbose installManyTop reading scoped package data from /home/37318942204/git/tsm-monitor/node_modules/grunt-contrib-connect/package.json
13 verbose installManyTop reading scoped package data from /home/37318942204/git/tsm-monitor/node_modules/grunt-contrib-livereload/package.json
14 verbose installManyTop reading scoped package data from /home/37318942204/git/tsm-monitor/node_modules/grunt-contrib-watch/package.json
15 verbose installManyTop reading scoped package data from /home/37318942204/git/tsm-monitor/node_modules/grunt-express/package.json
16 verbose installManyTop reading scoped package data from /home/37318942204/git/tsm-monitor/node_modules/grunt-open/package.json
17 verbose installManyTop reading scoped package data from /home/37318942204/git/tsm-monitor/node_modules/grunt-regarde/package.json
18 verbose installManyTop reading scoped package data from /home/37318942204/git/tsm-monitor/node_modules/grunt-reload/package.json
19 verbose installManyTop reading scoped package data from /home/37318942204/git/tsm-monitor/node_modules/install/package.json
20 verbose installManyTop reading scoped package data from /home/37318942204/git/tsm-monitor/node_modules/matchdep/package.json
21 verbose installManyTop reading scoped package data from /home/37318942204/git/tsm-monitor/node_modules/serve-static/package.json
22 info package.json connect-livereload@0.5.3 No license field.
23 info package.json grunt@0.4.5 No license field.
24 info package.json grunt-cli@0.1.13 No license field.
25 info package.json grunt-contrib-livereload@0.1.2 No README data
26 info package.json grunt-contrib-livereload@0.1.2 No license field.
27 info package.json grunt-contrib-watch@0.6.1 No license field.
28 info package.json install@0.1.8 No license field.
29 info package.json grunt-express@1.4.1 No license field.
30 info package.json grunt-open@0.2.3 No license field.
31 info package.json grunt-regarde@0.1.1 license should be a valid SPDX license expression
32 info package.json grunt-reload@0.2.0 No license field.
33 verbose readDependencies loading dependencies from /home/37318942204/git/tsm-monitor/package.json
34 silly cache add args [ 'Chart.js', null ]
35 verbose cache add spec Chart.js
36 silly cache add parsed spec { raw: 'Chart.js',
36 silly cache add   scope: null,
36 silly cache add   name: 'Chart.js',
36 silly cache add   rawSpec: '',
36 silly cache add   spec: '*',
36 silly cache add   type: 'range' }
37 silly addNamed Chart.js@*
38 verbose addNamed "*" is a valid semver range for Chart.js
39 silly addNameRange { name: 'Chart.js', range: '*', hasData: false }
40 silly mapToRegistry name Chart.js
41 silly mapToRegistry using default registry
42 silly mapToRegistry registry https://registry.npmjs.org/
43 silly mapToRegistry uri https://registry.npmjs.org/Chart.js
44 verbose addNameRange registry:https://registry.npmjs.org/Chart.js not in flight; fetching
45 verbose request uri https://registry.npmjs.org/Chart.js
46 verbose request no auth needed
47 info attempt registry request try #1 at 11:29:22
48 verbose request id 49fb09876ba86e26
49 http request GET https://registry.npmjs.org/Chart.js
50 http 404 https://registry.npmjs.org/Chart.js
51 verbose headers { 'content-type': 'application/json',
51 verbose headers   'cache-control': 'max-age=0',
51 verbose headers   'content-length': '2',
51 verbose headers   'accept-ranges': 'bytes',
51 verbose headers   date: 'Wed, 21 Oct 2015 13:29:23 GMT',
51 verbose headers   via: '1.1 varnish',
51 verbose headers   age: '0',
51 verbose headers   connection: 'keep-alive',
51 verbose headers   'x-served-by': 'cache-iad2141-IAD',
51 verbose headers   'x-cache': 'MISS',
51 verbose headers   'x-cache-hits': '0',
51 verbose headers   'x-timer': 'S1445434163.296741,VS0,VE97' }
52 silly get cb [ 404,
52 silly get   { 'content-type': 'application/json',
52 silly get     'cache-control': 'max-age=0',
52 silly get     'content-length': '2',
52 silly get     'accept-ranges': 'bytes',
52 silly get     date: 'Wed, 21 Oct 2015 13:29:23 GMT',
52 silly get     via: '1.1 varnish',
52 silly get     age: '0',
52 silly get     connection: 'keep-alive',
52 silly get     'x-served-by': 'cache-iad2141-IAD',
52 silly get     'x-cache': 'MISS',
52 silly get     'x-cache-hits': '0',
52 silly get     'x-timer': 'S1445434163.296741,VS0,VE97' } ]
53 verbose stack Error: Registry returned 404 for GET on https://registry.npmjs.org/Chart.js
53 verbose stack     at CachingRegistryClient.<anonymous> (/home/37318942204/.nvm/versions/node/v0.12.2/lib/node_modules/npm/node_modules/npm-registry-client/lib/request.js:239:14)
53 verbose stack     at Request._callback (/home/37318942204/.nvm/versions/node/v0.12.2/lib/node_modules/npm/node_modules/npm-registry-client/lib/request.js:170:14)
53 verbose stack     at Request.self.callback (/home/37318942204/.nvm/versions/node/v0.12.2/lib/node_modules/npm/node_modules/request/request.js:354:22)
53 verbose stack     at Request.emit (events.js:110:17)
53 verbose stack     at Request.<anonymous> (/home/37318942204/.nvm/versions/node/v0.12.2/lib/node_modules/npm/node_modules/request/request.js:1207:14)
53 verbose stack     at Request.emit (events.js:129:20)
53 verbose stack     at IncomingMessage.<anonymous> (/home/37318942204/.nvm/versions/node/v0.12.2/lib/node_modules/npm/node_modules/request/request.js:1153:12)
53 verbose stack     at IncomingMessage.emit (events.js:129:20)
53 verbose stack     at _stream_readable.js:908:16
53 verbose stack     at process._tickCallback (node.js:355:11)
54 verbose statusCode 404
55 verbose pkgid Chart.js
56 verbose cwd /home/37318942204/git/tsm-monitor
57 error Linux 3.2.0-58-generic-pae
58 error argv "node" "/home/37318942204/.nvm/versions/node/v0.12.2/bin/npm" "install" "Chart.js" "--save-dev"
59 error node v0.12.2
60 error npm  v2.11.1
61 error code E404
62 error 404 Registry returned 404 for GET on https://registry.npmjs.org/Chart.js
62 error 404
62 error 404 'Chart.js' is not in the npm registry.
62 error 404 Your package name is not valid, because
62 error 404
62 error 404  1. name can no longer contain capital letters
62 error 404 It was specified as a dependency of 'tsm-monitor'
62 error 404
62 error 404 Note that you can also install from a
62 error 404 tarball, folder, http url, or git url.
63 verbose exit [ 1, true ]
